DiagnosticsPluginLauncher.exe Information: 0 : [6/20/2017 1:57:15 AM] At least one other instance of the launcher is running. Will wait until they all finish
DiagnosticsPluginLauncher.exe Information: 0 : [6/20/2017 1:57:15 AM] Service running in Emulator Mode, will not wait/kill other instances of the launcher
DiagnosticsPluginLauncher.exe Information: 0 : [6/20/2017 1:57:15 AM] Emulator config file set to c:\users\phdias\documents\visual studio 2017\Projects\AzureCloudServiceProject\AzureCloudServiceProject\csx\Debug\roles\Orquestrador\approot\diagnostics.wadcfgx
DiagnosticsPluginLauncher.exe Information: 0 : [6/20/2017 1:57:15 AM] DiagnosticsStoreRootPath set to: C:\Users\phdias\AppData\Local\dftmp\Resources\d3e6a514-dc84-49be-ab02-23687574ffad
DiagnosticsPluginLauncher.exe Information: 0 : [6/20/2017 1:57:15 AM] Loading config file: c:\users\phdias\documents\visual studio 2017\Projects\AzureCloudServiceProject\AzureCloudServiceProject\csx\Debug\roles\Orquestrador\approot\diagnostics.wadcfgx
DiagnosticsPluginLauncher.exe Information: 0 : [6/20/2017 1:57:15 AM] Config file to read: c:\users\phdias\documents\visual studio 2017\Projects\AzureCloudServiceProject\AzureCloudServiceProject\csx\Debug\roles\Orquestrador\approot\diagnostics.wadcfgx
DiagnosticsPluginLauncher.exe Information: 0 : [6/20/2017 1:57:15 AM] Checking VM Type
DiagnosticsPluginLauncher.exe Information: 0 : [6/20/2017 1:57:15 AM] Emulator config file set to c:\users\phdias\documents\visual studio 2017\Projects\AzureCloudServiceProject\AzureCloudServiceProject\csx\Debug\roles\Orquestrador\approot\diagnostics.wadcfgx
DiagnosticsPluginLauncher.exe Information: 0 : [6/20/2017 1:57:15 AM] Extension set to Emulator Mode
DiagnosticsPluginLauncher.exe Information: 0 : [6/20/2017 1:57:15 AM] Reading XML configuration file
DiagnosticsPluginLauncher.exe Information: 0 : [6/20/2017 1:57:15 AM] Bypassing private config decryption
DiagnosticsPluginLauncher.exe Information: 0 : [6/20/2017 1:57:15 AM] Stopping the running plugin, if any
DiagnosticsPluginLauncher.exe Information: 0 : [6/20/2017 1:57:15 AM] Found a MonAgentHost.exe. WadArguments: "c:\users\phdias\documents\visual studio 2017\Projects\AzureCloudServiceProject\AzureCloudServiceProject\csx\Debug\roles\Consumidor\plugins\Diagnostics\Monitor\x64\MonAgentHost.exe" -LocalPath "C:\Users\phdias\AppData\Local\dftmp\Resources\a965e32c-607d-4d26-b4a0-f651219fafa3\WAD0105"  -ConfigFile "C:\Users\phdias\AppData\Local\dftmp\Resources\a965e32c-607d-4d26-b4a0-f651219fafa3\WAD0105\Configuration\MaConfig.xml" -ShutDownEvent WADDM-ShutDown-7e55ce8016bc48b8ac26cd014271608f  -TotalShutDownEvent WADDM-TotalShutDown-7e55ce8016bc48b8ac26cd014271608f -InitializedEvent WADM-StartUp-7e55ce8016bc48b8ac26cd014271608f -parent 92 -events -wadVer1v5 -UseProxyServer -XStoreAccounts WadAccount#true#devstoreaccount1#Eby8vdM02xNOcqFlqUwJPLlmEtlCDXJ1OUzFT50uSRZ6IFsuFq2UVErCz4I6tq/K1SZFPTOtr/KBHBeksoGMGw==#http://127.0.0.1:10002#http://127.0.0.1:10001#http://127.0.0.1:10000.
DiagnosticsPluginLauncher.exe Information: 0 : [6/20/2017 1:57:15 AM] Found a DiagnosticsPlugin.exe. WadArguments: "C:\Users\phdias\Documents\Visual Studio 2017\Projects\AzureCloudServiceProject\AzureCloudServiceProject\csx\Debug\roles\Consumidor\plugins\Diagnostics\DiagnosticsPlugin.exe" DiagnosticPlugin-ShutdownEvent DiagnosticPlugin-TotalShutdownEvent -wadVer1v5.
DiagnosticsPluginLauncher.exe Information: 0 : [6/20/2017 1:57:16 AM] Loading config file: c:\users\phdias\documents\visual studio 2017\Projects\AzureCloudServiceProject\AzureCloudServiceProject\csx\Debug\roles\Orquestrador\approot\diagnostics.wadcfgx
DiagnosticsPluginLauncher.exe Information: 0 : [6/20/2017 1:57:16 AM] Config file to read: c:\users\phdias\documents\visual studio 2017\Projects\AzureCloudServiceProject\AzureCloudServiceProject\csx\Debug\roles\Orquestrador\approot\diagnostics.wadcfgx
DiagnosticsPluginLauncher.exe Information: 0 : [6/20/2017 1:57:16 AM] Reading XML configuration file
DiagnosticsPluginLauncher.exe Information: 0 : [6/20/2017 1:57:16 AM] Bypassing private config decryption
DiagnosticsPluginLauncher.exe Information: 0 : [6/20/2017 1:57:16 AM] Found a running wad2 MA not sharing the same local directory
DiagnosticsPluginLauncher.exe Information: 0 : [6/20/2017 1:57:16 AM] Killing any DiagnosticsPlugin that might remain.
DiagnosticsPluginLauncher.exe Information: 0 : [6/20/2017 1:57:16 AM] Found a DiagnosticsPlugin.exe. WadArguments: "C:\Users\phdias\Documents\Visual Studio 2017\Projects\AzureCloudServiceProject\AzureCloudServiceProject\csx\Debug\roles\Consumidor\plugins\Diagnostics\DiagnosticsPlugin.exe" DiagnosticPlugin-ShutdownEvent DiagnosticPlugin-TotalShutdownEvent -wadVer1v5.
