DiagnosticsPluginLauncher.exe Information: 0 : [6/20/2017 1:59:13 AM] Emulator config file set to c:\users\phdias\documents\visual studio 2017\Projects\AzureCloudServiceProject\AzureCloudServiceProject\csx\Release\roles\Orquestrador\approot\diagnostics.wadcfgx
DiagnosticsPluginLauncher.exe Information: 0 : [6/20/2017 1:59:13 AM] DiagnosticsStoreRootPath set to: C:\Users\phdias\AppData\Local\dftmp\Resources\70dec2af-43a3-4eca-ba15-7dc25782d497
DiagnosticsPluginLauncher.exe Information: 0 : [6/20/2017 1:59:13 AM] Loading config file: c:\users\phdias\documents\visual studio 2017\Projects\AzureCloudServiceProject\AzureCloudServiceProject\csx\Release\roles\Orquestrador\approot\diagnostics.wadcfgx
DiagnosticsPluginLauncher.exe Information: 0 : [6/20/2017 1:59:13 AM] Config file to read: c:\users\phdias\documents\visual studio 2017\Projects\AzureCloudServiceProject\AzureCloudServiceProject\csx\Release\roles\Orquestrador\approot\diagnostics.wadcfgx
DiagnosticsPluginLauncher.exe Information: 0 : [6/20/2017 1:59:13 AM] Checking VM Type
DiagnosticsPluginLauncher.exe Information: 0 : [6/20/2017 1:59:13 AM] Emulator config file set to c:\users\phdias\documents\visual studio 2017\Projects\AzureCloudServiceProject\AzureCloudServiceProject\csx\Release\roles\Orquestrador\approot\diagnostics.wadcfgx
DiagnosticsPluginLauncher.exe Information: 0 : [6/20/2017 1:59:13 AM] Extension set to Emulator Mode
DiagnosticsPluginLauncher.exe Information: 0 : [6/20/2017 1:59:13 AM] Reading XML configuration file
DiagnosticsPluginLauncher.exe Information: 0 : [6/20/2017 1:59:13 AM] Bypassing private config decryption
DiagnosticsPluginLauncher.exe Information: 0 : [6/20/2017 1:59:13 AM] Stopping the running plugin, if any
DiagnosticsPluginLauncher.exe Information: 0 : [6/20/2017 1:59:13 AM] Found a MonAgentHost.exe. WadArguments: "c:\users\phdias\documents\visual studio 2017\Projects\AzureCloudServiceProject\AzureCloudServiceProject\csx\Release\roles\Consumidor\plugins\Diagnostics\Monitor\x64\MonAgentHost.exe" -LocalPath "C:\Users\phdias\AppData\Local\dftmp\Resources\23694845-46d0-4119-8844-12682787effd\WAD0105"  -ConfigFile "C:\Users\phdias\AppData\Local\dftmp\Resources\23694845-46d0-4119-8844-12682787effd\WAD0105\Configuration\MaConfig.xml" -ShutDownEvent WADDM-ShutDown-aa6c7f523b374d8192dbf3f16e558a8c  -TotalShutDownEvent WADDM-TotalShutDown-aa6c7f523b374d8192dbf3f16e558a8c -InitializedEvent WADM-StartUp-aa6c7f523b374d8192dbf3f16e558a8c -parent 7936 -events -wadVer1v5 -UseProxyServer -XStoreAccounts WadAccount#true#devstoreaccount1#Eby8vdM02xNOcqFlqUwJPLlmEtlCDXJ1OUzFT50uSRZ6IFsuFq2UVErCz4I6tq/K1SZFPTOtr/KBHBeksoGMGw==#http://127.0.0.1:10002#http://127.0.0.1:10001#http://127.0.0.1:10000.
DiagnosticsPluginLauncher.exe Information: 0 : [6/20/2017 1:59:13 AM] Found a DiagnosticsPlugin.exe. WadArguments: "C:\Users\phdias\Documents\Visual Studio 2017\Projects\AzureCloudServiceProject\AzureCloudServiceProject\csx\Release\roles\Consumidor\plugins\Diagnostics\DiagnosticsPlugin.exe" DiagnosticPlugin-ShutdownEvent DiagnosticPlugin-TotalShutdownEvent -wadVer1v5.
DiagnosticsPluginLauncher.exe Information: 0 : [6/20/2017 1:59:13 AM] Loading config file: c:\users\phdias\documents\visual studio 2017\Projects\AzureCloudServiceProject\AzureCloudServiceProject\csx\Release\roles\Orquestrador\approot\diagnostics.wadcfgx
DiagnosticsPluginLauncher.exe Information: 0 : [6/20/2017 1:59:13 AM] Config file to read: c:\users\phdias\documents\visual studio 2017\Projects\AzureCloudServiceProject\AzureCloudServiceProject\csx\Release\roles\Orquestrador\approot\diagnostics.wadcfgx
DiagnosticsPluginLauncher.exe Information: 0 : [6/20/2017 1:59:13 AM] Reading XML configuration file
DiagnosticsPluginLauncher.exe Information: 0 : [6/20/2017 1:59:13 AM] Bypassing private config decryption
DiagnosticsPluginLauncher.exe Information: 0 : [6/20/2017 1:59:13 AM] Found a running wad2 MA not sharing the same local directory
DiagnosticsPluginLauncher.exe Information: 0 : [6/20/2017 1:59:13 AM] Killing any DiagnosticsPlugin that might remain.
DiagnosticsPluginLauncher.exe Information: 0 : [6/20/2017 1:59:14 AM] Found a DiagnosticsPlugin.exe. WadArguments: "C:\Users\phdias\Documents\Visual Studio 2017\Projects\AzureCloudServiceProject\AzureCloudServiceProject\csx\Release\roles\Consumidor\plugins\Diagnostics\DiagnosticsPlugin.exe" DiagnosticPlugin-ShutdownEvent DiagnosticPlugin-TotalShutdownEvent -wadVer1v5.
DiagnosticsPluginLauncher.exe Information: 0 : [6/20/2017 1:59:17 AM] Killing any MonAgentHost that might remain.
DiagnosticsPluginLauncher.exe Information: 0 : [6/20/2017 1:59:17 AM] Diagnostics plugin stopped successfully
DiagnosticsPluginLauncher.exe Information: 0 : [6/20/2017 1:59:17 AM] Resetting DiagnosticPlugin
